#
# There is insufficient memory for the Java Runtime Environment to continue.
# Native memory allocation (mmap) failed to map 266338304 bytes for G1 virtual space
# Possible reasons:
#   The system is out of physical RAM or swap space
#   The process is running with CompressedOops enabled, and the Java Heap may be blocking the growth of the native heap
# Possible solutions:
#   Reduce memory load on the system
#   Increase physical memory or swap space
#   Check if swap backing store is full
#   Decrease Java heap size (-Xmx/-Xms)
#   Decrease number of Java threads
#   Decrease Java thread stack sizes (-Xss)
#   Set larger code cache with -XX:ReservedCodeCacheSize=
#   JVM is running with Zero Based Compressed Oops mode in which the Java heap is
#     placed in the first 32GB address space. The Java Heap base address is the
#     maximum limit for the native heap growth. Please use -XX:HeapBaseMinAddress
#     to set the Java Heap base and to place the Java Heap above 32GB virtual address.
# This output file may be truncated or incomplete.
#
#  Out of Memory Error (os_windows.cpp:3527), pid=10168, tid=2376
#
# JRE version:  (19.0+36) (build )
# Java VM: OpenJDK 64-Bit Server VM (19+36-2238, mixed mode, sharing, tiered, compressed oops, compressed class ptrs, g1 gc, windows-amd64)
# No core dump will be written. Minidumps are not enabled by default on client versions of Windows
#

---------------  S U M M A R Y ------------

Command Line: -javaagent:D:\Program Files\IntelliJ IDEA Educational Edition 2022.2\lib\idea_rt.jar=64909:D:\Program Files\IntelliJ IDEA Educational Edition 2022.2\bin -Dfile.encoding=UTF-8 Main

Host: Intel(R) Core(TM) i5-10300H CPU @ 2.50GHz, 8 cores, 15G,  Windows 10 , 64 bit Build 19041 (10.0.19041.1889)
Time: Fri Oct 28 23:56:03 2022  Windows 10 , 64 bit Build 19041 (10.0.19041.1889) elapsed time: 0.009212 seconds (0d 0h 0m 0s)

---------------  T H R E A D  ---------------

Current thread (0x000001e84daaf970):  JavaThread "Unknown thread" [_thread_in_vm, id=2376, stack(0x000000a515200000,0x000000a515300000)]

Stack: [0x000000a515200000,0x000000a515300000]
Native frames: (J=compiled Java code, j=interpreted, Vv=VM code, C=native code)
V  [jvm.dll+0x6ee8fa]
V  [jvm.dll+0x857a1e]
V  [jvm.dll+0x85940e]
V  [jvm.dll+0x859ac3]
V  [jvm.dll+0x28291f]
V  [jvm.dll+0x6eb6e9]
V  [jvm.dll+0x6e028a]
V  [jvm.dll+0x357136]
V  [jvm.dll+0x35eb96]
V  [jvm.dll+0x3b555e]
V  [jvm.dll+0x3b578f]
V  [jvm.dll+0x32c6ea]
V  [jvm.dll+0x32d59e]
V  [jvm.dll+0x821b20]
V  [jvm.dll+0x3c27c1]
V  [jvm.dll+0x8022f1]
V  [jvm.dll+0x44b30f]
V  [jvm.dll+0x44cc91]
C  [jli.dll+0x5287]
C  [ucrtbase.dll+0x21bb2]
C  [KERNEL32.DLL+0x17034]
C  [ntdll.dll+0x526a1]


---------------  P R O C E S S  ---------------

Threads class SMR info:
_java_thread_list=0x00007ffe611fd048, length=0, elements={
}

Java Threads: ( => current thread )

Other Threads:
  0x000001e84db1e4f0 WorkerThread "GC Thread#0" [stack: 0x000000a515300000,0x000000a515400000] [id=7872]
  0x000001e84db30420 ConcurrentGCThread "G1 Main Marker" [stack: 0x000000a515400000,0x000000a515500000] [id=23548]
  0x000001e84db32600 WorkerThread "G1 Conc#0" [stack: 0x000000a515500000,0x000000a515600000] [id=2168]

[error occurred during error reporting (printing all threads), id 0xc0000005, EXCEPTION_ACCESS_VIOLATION (0xc0000005) at pc=0x00007ffe609bd127]

VM state: not at safepoint (not fully initialized)

VM Mutex/Monitor currently owned by a thread:  ([mutex/lock_event])
[0x000001e84daadd90] Heap_lock - owner thread: 0x000001e84daaf970

Heap address: 0x0000000702a00000, size: 4054 MB, Compressed Oops mode: Zero based, Oop shift amount: 3

CDS archive(s) mapped at: [0x0000000000000000-0x0000000000000000-0x0000000000000000), size 0, SharedBaseAddress: 0x0000000800000000, ArchiveRelocationMode: 0.
Narrow klass base: 0x0000000000000000, Narrow klass shift: 0, Narrow klass range: 0x0

GC Precious Log:
 CardTable entry size: 512
 Card Set container configuration: InlinePtr #cards 4 size 8 Array Of Cards #cards 8 size 32 Howl #buckets 8 coarsen threshold 3686 Howl Bitmap #cards 512 size 80 coarsen threshold 460 Card regions per heap region 1 cards per card region 4096

Heap:
 garbage-first heap   total 0K, used 0K [0x0000000702a00000, 0x0000000800000000)
  region size 2048K, 0 young (0K), 0 survivors (0K)

[error occurred during error reporting (printing heap information), id 0xc0000005, EXCEPTION_ACCESS_VIOLATION (0xc0000005) at pc=0x00007ffe60dc6959]

GC Heap History (0 events):
No events

Dll operation events (1 events):
Event: 0.006 Loaded shared library C:\Users\Дамир\.jdks\openjdk-19\bin\java.dll

Deoptimization events (0 events):
No events

Classes loaded (0 events):
No events

Classes unloaded (0 events):
No events

Classes redefined (0 events):
No events

Internal exceptions (0 events):
No events

VM Operations (0 events):
No events

Events (0 events):
No events


Dynamic libraries:
0x00007ff626ab0000 - 0x00007ff626abe000 	C:\Users\Дамир\.jdks\openjdk-19\bin\java.exe
0x00007ffed85d0000 - 0x00007ffed87c8000 	C:\Windows\SYSTEM32\ntdll.dll
0x00007ffece4e0000 - 0x00007ffece4f7000 	C:\Program Files\Avast Software\Avast\aswhook.dll
0x00007ffed7630000 - 0x00007ffed76ed000 	C:\Windows\System32\KERNEL32.DLL
0x00007ffed5ec0000 - 0x00007ffed6192000 	C:\Windows\System32\KERNELBASE.dll
0x00007ffed61f0000 - 0x00007ffed62f0000 	C:\Windows\System32\ucrtbase.dll
0x00007ffece550000 - 0x00007ffece567000 	C:\Users\Дамир\.jdks\openjdk-19\bin\jli.dll
0x00007ffed0700000 - 0x00007ffed071b000 	C:\Users\Дамир\.jdks\openjdk-19\bin\VCRUNTIME140.dll
0x00007ffed76f0000 - 0x00007ffed788d000 	C:\Windows\System32\USER32.dll
0x00007ffed6600000 - 0x00007ffed6622000 	C:\Windows\System32\win32u.dll
0x00007ffec4310000 - 0x00007ffec45aa000 	C:\Windows\WinSxS\amd64_microsoft.windows.common-controls_6595b64144ccf1df_6.0.19041.1110_none_60b5254171f9507e\COMCTL32.dll
0x00007ffed7490000 - 0x00007ffed74bb000 	C:\Windows\System32\GDI32.dll
0x00007ffed7da0000 - 0x00007ffed7e3e000 	C:\Windows\System32\msvcrt.dll
0x00007ffed64f0000 - 0x00007ffed65ff000 	C:\Windows\System32\gdi32full.dll
0x00007ffed5d90000 - 0x00007ffed5e2d000 	C:\Windows\System32\msvcp_win.dll
0x00007ffed6b00000 - 0x00007ffed6b30000 	C:\Windows\System32\IMM32.DLL
0x00007ffed4390000 - 0x00007ffed439c000 	C:\Users\Дамир\.jdks\openjdk-19\bin\vcruntime140_1.dll
0x00007ffea9fb0000 - 0x00007ffeaa03e000 	C:\Users\Дамир\.jdks\openjdk-19\bin\msvcp140.dll
0x00007ffe60680000 - 0x00007ffe61340000 	C:\Users\Дамир\.jdks\openjdk-19\bin\server\jvm.dll
0x00007ffed7910000 - 0x00007ffed79be000 	C:\Windows\System32\ADVAPI32.dll
0x00007ffed79c0000 - 0x00007ffed7a5c000 	C:\Windows\System32\sechost.dll
0x00007ffed6e10000 - 0x00007ffed6f35000 	C:\Windows\System32\RPCRT4.dll
0x00007ffecadd0000 - 0x00007ffecadd9000 	C:\Windows\SYSTEM32\WSOCK32.dll
0x00007ffecfe20000 - 0x00007ffecfe2a000 	C:\Windows\SYSTEM32\VERSION.dll
0x00007ffec4630000 - 0x00007ffec4657000 	C:\Windows\SYSTEM32\WINMM.dll
0x00007ffed7d30000 - 0x00007ffed7d9b000 	C:\Windows\System32\WS2_32.dll
0x00007ffed4530000 - 0x00007ffed4542000 	C:\Windows\SYSTEM32\kernel.appcore.dll
0x00007ffed4340000 - 0x00007ffed434a000 	C:\Users\Дамир\.jdks\openjdk-19\bin\jimage.dll
0x00007ffed3960000 - 0x00007ffed3b44000 	C:\Windows\SYSTEM32\DBGHELP.DLL
0x00007ffecf120000 - 0x00007ffecf14c000 	C:\Windows\SYSTEM32\dbgcore.DLL
0x00007ffed5e30000 - 0x00007ffed5eb2000 	C:\Windows\System32\bcryptPrimitives.dll
0x00007ffed06f0000 - 0x00007ffed06fe000 	C:\Users\Дамир\.jdks\openjdk-19\bin\instrument.dll
0x00007ffec9c50000 - 0x00007ffec9c76000 	C:\Users\Дамир\.jdks\openjdk-19\bin\java.dll

dbghelp: loaded successfully - version: 4.0.5 - missing functions: none
symbol engine: initialized successfully - sym options: 0x614 - pdb path: .;C:\Users\Дамир\.jdks\openjdk-19\bin;C:\Windows\SYSTEM32;C:\Program Files\Avast Software\Avast;C:\Windows\WinSxS\amd64_microsoft.windows.common-controls_6595b64144ccf1df_6.0.19041.1110_none_60b5254171f9507e;C:\Users\Дамир\.jdks\openjdk-19\bin\server

VM Arguments:
jvm_args: -javaagent:D:\Program Files\IntelliJ IDEA Educational Edition 2022.2\lib\idea_rt.jar=64909:D:\Program Files\IntelliJ IDEA Educational Edition 2022.2\bin -Dfile.encoding=UTF-8 
java_command: Main
java_class_path (initial): D:\Programms\java_lab\lab2\out\production\lab2
Launcher Type: SUN_STANDARD

[Global flags]
     intx CICompilerCount                          = 4                                         {product} {ergonomic}
     uint ConcGCThreads                            = 2                                         {product} {ergonomic}
     uint G1ConcRefinementThreads                  = 8                                         {product} {ergonomic}
   size_t G1HeapRegionSize                         = 2097152                                   {product} {ergonomic}
    uintx GCDrainStackTargetSize                   = 64                                        {product} {ergonomic}
   size_t InitialHeapSize                          = 266338304                                 {product} {ergonomic}
   size_t MarkStackSize                            = 4194304                                   {product} {ergonomic}
   size_t MaxHeapSize                              = 4250927104                                {product} {ergonomic}
   size_t MinHeapDeltaBytes                        = 2097152                                   {product} {ergonomic}
   size_t MinHeapSize                              = 8388608                                   {product} {ergonomic}
    uintx NonNMethodCodeHeapSize                   = 5839372                                {pd product} {ergonomic}
    uintx NonProfiledCodeHeapSize                  = 122909434                              {pd product} {ergonomic}
    uintx ProfiledCodeHeapSize                     = 122909434                              {pd product} {ergonomic}
    uintx ReservedCodeCacheSize                    = 251658240                              {pd product} {ergonomic}
     bool SegmentedCodeCache                       = true                                      {product} {ergonomic}
   size_t SoftMaxHeapSize                          = 4250927104                             {manageable} {ergonomic}
     bool UseCompressedClassPointers               = true                           {product lp64_product} {ergonomic}
     bool UseCompressedOops                        = true                           {product lp64_product} {ergonomic}
     bool UseG1GC                                  = true                                      {product} {ergonomic}
     bool UseLargePagesIndividualAllocation        = false                                  {pd product} {ergonomic}

Logging:
Log output configuration:
 #0: stdout all=warning uptime,level,tags foldmultilines=false
 #1: stderr all=off uptime,level,tags foldmultilines=false

Environment Variables:
PATH=C:\Program Files (x86)\Common Files\Oracle\Java\javapath;d:\programms\gcc\bin;d:\programms\gcc\libexec\gcc\x86_64-w64-mingw32\11.2.0;C:\ProgramData\Oracle\Java\javapath;C:\Windows\system32;C:\Windows;C:\Windows\System32\Wbem;C:\Windows\System32\WindowsPowerShell\v1.0\;C:\Windows\System32\OpenSSH\;D:\Program Files\Git\cmd;C:\Program Files (x86)\NVIDIA Corporation\PhysX\Common;C:\Program Files\NVIDIA Corporation\NVIDIA NvDLISR;D:\Programms\python\Scripts\;D:\Programms\python\;C:\Users\Дамир\AppData\Local\Microsoft\WindowsApps;D:\Programms\Microsoft VS Code\bin;D:\Programms\gcc\bin;;D:\Program Files\CLion 2021.3.3\bin;;D:\Program Files\IntelliJ IDEA Educational Edition 2022.2\bin;
USERNAME=Дамир
OS=Windows_NT
PROCESSOR_IDENTIFIER=Intel64 Family 6 Model 165 Stepping 2, GenuineIntel
TMP=C:\Users\85A1~1\AppData\Local\Temp
TEMP=C:\Users\85A1~1\AppData\Local\Temp



---------------  S Y S T E M  ---------------

OS:
 Windows 10 , 64 bit Build 19041 (10.0.19041.1889)
OS uptime: 14 days 22:15 hours

CPU: total 8 (initial active 8) (4 cores per cpu, 2 threads per core) family 6 model 165 stepping 2 microcode 0xe2, cx8, cmov, fxsr, ht, mmx, 3dnowpref, sse, sse2, sse3, ssse3, sse4.1, sse4.2, popcnt, lzcnt, tsc, tscinvbit, avx, avx2, aes, erms, clmul, bmi1, bmi2, adx, fma, vzeroupper, clflush, clflushopt, rdtscp

Memory: 4k page, system-wide physical 16215M (3958M free)
TotalPageFile size 25175M (AvailPageFile size 85M)
current process WorkingSet (physical memory assigned to process): 11M, peak: 11M
current process commit charge ("private bytes"): 60M, peak: 314M

vm_info: OpenJDK 64-Bit Server VM (19+36-2238) for windows-amd64 JRE (19+36-2238), built on 2022-08-12T20:29:01Z by "mach5one" with MS VC++ 17.1 (VS2022)

END.
